<?xml version="1.0" encoding="UTF-8"?>
<!-- Generated by org.testng.reporters.JUnitReportReporter -->
<testsuite hostname="DESKTOP-4SJACL6" failures="0" tests="1" name="com.naveenlabsJenkinsJob.PageTests.MyAccountPageTest" time="7.026" errors="0" timestamp="2024-10-20T07:26:37 EDT" skipped="0">
  <testcase classname="com.naveenlabsJenkinsJob.PageTests.MyAccountPageTest" name="EditAccount" time="7.026"/>
  <system-out/>
</testsuite> <!-- com.naveenlabsJenkinsJob.PageTests.MyAccountPageTest -->
