<?xml version="1.0" encoding="UTF-8"?>
<!-- Generated by org.testng.reporters.JUnitReportReporter -->
<testsuite hostname="DESKTOP-4SJACL6" failures="0" tests="4" name="com.naveenlabsJenkinsJob.PageTests.AddressBookPageTest" time="31.154" errors="0" timestamp="2024-10-20T07:26:37 EDT" skipped="0">
  <testcase classname="com.naveenlabsJenkinsJob.PageTests.AddressBookPageTest" name="ValidateEditAddressBookDelete" time="9.567"/>
  <system-out/>
  <testcase classname="com.naveenlabsJenkinsJob.PageTests.AddressBookPageTest" name="ValidateAddressBookNewAddress" time="9.416"/>
  <system-out/>
  <testcase classname="com.naveenlabsJenkinsJob.PageTests.AddressBookPageTest" name="ValidateDefaultAddressBookDelete" time="5.121"/>
  <system-out/>
  <testcase classname="com.naveenlabsJenkinsJob.PageTests.AddressBookPageTest" name="ValidateAddedAddressBookDelete" time="7.050"/>
  <system-out/>
</testsuite> <!-- com.naveenlabsJenkinsJob.PageTests.AddressBookPageTest -->
