<?xml version="1.0" encoding="UTF-8"?>
<!-- Generated by org.testng.reporters.JUnitReportReporter -->
<testsuite hostname="DESKTOP-4SJACL6" failures="0" tests="1" name="com.naveenlabsJenkinsJob.PageTests.ForgotYourPasswordPageTest" time="4.916" errors="0" timestamp="2024-10-20T07:26:37 EDT" skipped="0">
  <testcase classname="com.naveenlabsJenkinsJob.PageTests.ForgotYourPasswordPageTest" name="ForgotPasswordFunctionalityWithInvalidEmail" time="4.916"/>
  <system-out/>
</testsuite> <!-- com.naveenlabsJenkinsJob.PageTests.ForgotYourPasswordPageTest -->
